Build started 18.10.2016 21:33:04.
     1>Project "C:\univer\_Work_YaP\Automats\Automats\Automats.vcxproj" on node 2 (build target(s)).
     1>InitializeBuildStatus:
         Creating "Debug\Automats.unsuccessfulbuild" because "AlwaysCreate" was specified.
       ClCompile:
         All outputs are up-to-date.
         C:\Program Files\Microsoft Visual Studio 10.0\VC\bin\CL.exe /c /ZI /nologo /W3 /WX- /Od /Oy- /D WIN32 /D _DEBUG /D _CONSOLE /D _UNICODE /D UNICODE /Gm /EHsc /RTC1 /MDd /GS /fp:precise /Zc:wchar_t /Zc:forScope /Yu"StdAfx.h" /Fp"Debug\Automats.pch" /Fo"Debug\\" /Fd"Debug\vc100.pdb" /Gd /TP /analyze- /errorReport:prompt Automats.cpp
         Automats.cpp
       ManifestResourceCompile:
         All outputs are up-to-date.
       Link:
         C:\Program Files\Microsoft Visual Studio 10.0\VC\bin\link.exe /ERRORREPORT:PROMPT /OUT:"C:\univer\_Work_YaP\Automats\Debug\Automats.exe" /INCREMENTAL /NOLOGO kernel32.lib user32.lib gdi32.lib winspool.lib comdlg32.lib advapi32.lib shell32.lib ole32.lib oleaut32.lib uuid.lib odbc32.lib odbccp32.lib /MANIFEST /ManifestFile:"Debug\Automats.exe.intermediate.manifest" /MANIFESTUAC:"level='asInvoker' uiAccess='false'" /DEBUG /PDB:"C:\univer\_Work_YaP\Automats\Debug\Automats.pdb" /SUBSYSTEM:CONSOLE /TLBID:1 /DYNAMICBASE /NXCOMPAT /IMPLIB:"C:\univer\_Work_YaP\Automats\Debug\Automats.lib" /MACHINE:X86 Debug\Automats.exe.embed.manifest.res
         Debug\Automats.obj
         Debug\stdafx.obj
       Manifest:
         C:\Program Files\Microsoft SDKs\Windows\v7.0A\bin\mt.exe /nologo /verbose /out:"Debug\Automats.exe.embed.manifest" /manifest Debug\Automats.exe.intermediate.manifest
         All outputs are up-to-date.
       LinkEmbedManifest:
         All outputs are up-to-date.
         Automats.vcxproj -> C:\univer\_Work_YaP\Automats\Debug\Automats.exe
       FinalizeBuildStatus:
         Deleting file "Debug\Automats.unsuccessfulbuild".
         Touching "Debug\Automats.lastbuildstate".
     1>Done Building Project "C:\univer\_Work_YaP\Automats\Automats\Automats.vcxproj" (build target(s)).

Build succeeded.

Time Elapsed 00:00:00.50
